<?xml version="1.0" encoding="UTF-8"?>
<!-- Generated by org.testng.reporters.JUnitReportReporter -->
<testsuite hostname="Tripti" failures="0" tests="1" name="neticket_TestRunner.neticket_TestRunnerClass" time="6.896" errors="0" timestamp="2023-10-20T21:52:04 CDT" skipped="0">
  <testcase classname="neticket_TestRunner.neticket_TestRunnerClass" name="feature" time="6.896"/>
</testsuite> <!-- neticket_TestRunner.neticket_TestRunnerClass -->
